<?xml version="1.0" encoding="UTF-8"?>
<testng-results ignored="0" total="2" passed="2" failed="0" skipped="0">
  <reporter-output>
  </reporter-output>
  <suite started-at="2020-07-15T17:35:39Z" name="Suite" finished-at="2020-07-15T17:35:53Z" duration-ms="13581">
    <groups>
    </groups>
    <test started-at="2020-07-15T17:35:39Z" name="Test" finished-at="2020-07-15T17:35:53Z" duration-ms="13581">
      <class name="testcases.LaunchTest">
        <test-method signature="executeLaunch(java.lang.String, java.lang.String, int)[pri:0, instance:testcases.LaunchTest@43df23d3]" started-at="2020-07-15T17:35:39Z" name="executeLaunch" finished-at="2020-07-15T17:35:46Z" duration-ms="6690" status="PASS">
          <params>
            <param index="0">
              <value>
                <![CDATA[chrome]]>
              </value>
            </param>
            <param index="1">
              <value>
                <![CDATA[https://boardgamegeek.com/]]>
              </value>
            </param>
            <param index="2">
              <value>
                <![CDATA[15]]>
              </value>
            </param>
          </params>
          <reporter-output>
          </reporter-output>
        </test-method> <!-- executeLaunch -->
      </class> <!-- testcases.LaunchTest -->
      <class name="testcases.BoardGameGeekTest">
        <test-method is-config="true" signature="setUp()[pri:0, instance:testcases.BoardGameGeekTest@6d60fe40]" started-at="2020-07-15T17:35:46Z" name="setUp" finished-at="2020-07-15T17:35:46Z" duration-ms="3" status="PASS">
          <reporter-output>
          </reporter-output>
        </test-method> <!-- setUp -->
        <test-method signature="BoardGameGeekOperation(java.lang.String, java.lang.String)[pri:0, instance:testcases.BoardGameGeekTest@6d60fe40]" started-at="2020-07-15T17:35:46Z" name="BoardGameGeekOperation" finished-at="2020-07-15T17:35:53Z" duration-ms="6748" status="PASS">
          <params>
            <param index="0">
              <value>
                <![CDATA[Sachinauto]]>
              </value>
            </param>
            <param index="1">
              <value>
                <![CDATA[Flash@234]]>
              </value>
            </param>
          </params>
          <reporter-output>
          </reporter-output>
        </test-method> <!-- BoardGameGeekOperation -->
        <test-method is-config="true" signature="tearDown()[pri:0, instance:testcases.BoardGameGeekTest@6d60fe40]" started-at="2020-07-15T17:35:53Z" name="tearDown" finished-at="2020-07-15T17:35:53Z" duration-ms="121" status="PASS">
          <reporter-output>
          </reporter-output>
        </test-method> <!-- tearDown -->
      </class> <!-- testcases.BoardGameGeekTest -->
    </test> <!-- Test -->
  </suite> <!-- Suite -->
</testng-results>
